[22:47:39] [main/INFO]: Loading Minecraft 1.21 with Fabric Loader 0.16.3
[22:47:39] [main/WARN]: Warnings were found!
 - Mod 'Forge Config API Port' (forgeconfigapiport) 21.0.8 recommends any version of modmenu, which is missing!
	 - You should install any version of modmenu for the optimal experience.
[22:47:39] [main/INFO]: Loading 53 mods:
	- chunky 1.4.16
	- clumps 18.0.0.2
	- collective 7.87
	- entityculling 1.7.2
	- fabric-api 0.102.0+1.21
	   |-- fabric-api-base 0.4.42+6573ed8cd1
	   |-- fabric-api-lookup-api-v1 1.6.68+b5597344d1
	   |-- fabric-biome-api-v1 13.0.29+5bd9f1bcd1
	   |-- fabric-block-api-v1 1.0.22+0af3f5a7d1
	   |-- fabric-block-view-api-v2 1.0.10+6573ed8cd1
	   |-- fabric-blockrenderlayer-v1 1.1.52+0af3f5a7d1
	   |-- fabric-client-tags-api-v1 1.1.15+6573ed8cd1
	   |-- fabric-command-api-v1 1.2.49+f71b366fd1
	   |-- fabric-command-api-v2 2.2.28+6ced4dd9d1
	   |-- fabric-commands-v0 0.2.66+df3654b3d1
	   |-- fabric-content-registries-v0 8.0.16+b5597344d1
	   |-- fabric-convention-tags-v1 2.0.19+7f945d5bd1
	   |-- fabric-convention-tags-v2 2.5.0+c5e2b5c6d1
	   |-- fabric-crash-report-info-v1 0.2.29+0af3f5a7d1
	   |-- fabric-data-attachment-api-v1 1.1.27+6a6dfa19d1
	   |-- fabric-data-generation-api-v1 20.2.16+16c4ae25d1
	   |-- fabric-dimensions-v1 4.0.0+6fc22b99d1
	   |-- fabric-entity-events-v1 1.6.12+6fc22b99d1
	   |-- fabric-events-interaction-v0 0.7.12+ba9dae06d1
	   |-- fabric-game-rule-api-v1 1.0.53+6ced4dd9d1
	   |-- fabric-item-api-v1 11.0.0+afdfc921d1
	   |-- fabric-item-group-api-v1 4.1.4+78017270d1
	   |-- fabric-key-binding-api-v1 1.0.47+0af3f5a7d1
	   |-- fabric-keybindings-v0 0.2.45+df3654b3d1
	   |-- fabric-lifecycle-events-v1 2.3.12+6c1df360d1
	   |-- fabric-loot-api-v2 3.0.14+3f89f5a5d1
	   |-- fabric-loot-api-v3 1.0.2+3f89f5a5d1
	   |-- fabric-message-api-v1 6.0.13+6573ed8cd1
	   |-- fabric-model-loading-api-v1 2.0.0+fe474d6bd1
	   |-- fabric-networking-api-v1 4.2.2+60c3209bd1
	   |-- fabric-object-builder-api-v1 15.2.0+a551f7a4d1
	   |-- fabric-particles-v1 4.0.2+6573ed8cd1
	   |-- fabric-recipe-api-v1 5.0.12+65089712d1
	   |-- fabric-registry-sync-v0 5.1.2+60c3209bd1
	   |-- fabric-renderer-api-v1 3.4.0+c705a49cd1
	   |-- fabric-renderer-indigo 1.7.0+c705a49cd1
	   |-- fabric-renderer-registries-v1 3.2.68+df3654b3d1
	   |-- fabric-rendering-data-attachment-v1 0.3.48+73761d2ed1
	   |-- fabric-rendering-fluids-v1 3.1.6+b5597344d1
	   |-- fabric-rendering-v0 1.1.71+df3654b3d1
	   |-- fabric-rendering-v1 5.0.5+df16efd0d1
	   |-- fabric-resource-conditions-api-v1 4.3.0+8dc279b1d1
	   |-- fabric-resource-loader-v0 1.3.0+56599129d1
	   |-- fabric-screen-api-v1 2.0.24+b5597344d1
	   |-- fabric-screen-handler-api-v1 1.3.86+b5597344d1
	   |-- fabric-sound-api-v1 1.0.23+6573ed8cd1
	   |-- fabric-transfer-api-v1 5.1.16+3dccd343d1
	   \-- fabric-transitive-access-wideners-v1 6.1.0+176f9036d1
	- fabricloader 0.16.3
	   \-- mixinextras 0.4.1
	- ferritecore 7.0.0
	- forgeconfigapiport 21.0.8
	   |-- com_electronwill_night-config_core 3.8.0
	   \-- com_electronwill_night-config_toml 3.8.0
	- infinitetrading 4.5
	- java 21
	- jei 19.21.0.247
	- minecraft 1.21
	- skinrestorer 2.2.1+1.21-fabric
	   \-- org_mineskin_java-client 3.0.1-SNAPSHOT
[22:47:39] [main/INFO]: SpongePowered MIXIN Subsystem Version=0.8.7 Source=file:/workspaces/MSX-3/servidor_minecraft/libraries/net/fabricmc/sponge-mixin/0.15.2+mixin.0.8.7/sponge-mixin-0.15.2+mixin.0.8.7.jar Service=Knot/Fabric Env=SERVER
[22:47:39] [main/INFO]: Compatibility level set to JAVA_17
[22:47:39] [main/INFO]: Compatibility level set to JAVA_18
[22:47:39] [main/INFO]: Compatibility level set to JAVA_21
[22:47:40] [main/WARN]: Reference map 'forgeconfigapiport.common.refmap.json' for forgeconfigapiport.common.mixins.json could not be read. If this is a development environment you can ignore this message
[22:47:40] [main/INFO]: Initializing MixinExtras via com.llamalad7.mixinextras.service.MixinExtrasServiceImpl(version=0.4.1).
[22:47:51] [main/INFO]: Loading Collective version 7.87.
[22:47:52] [main/INFO]: Environment: Environment[sessionHost=https://sessionserver.mojang.com, servicesHost=https://api.minecraftservices.com, name=PROD]
[22:47:54] [main/INFO]: Loaded 1290 recipes
[22:47:55] [main/INFO]: Loaded 1399 advancements
[22:47:56] [main/INFO]: Applied 0 biome modifications to 0 of 64 new biomes in 6.045 ms
[22:47:56] [Server thread/INFO]: Starting minecraft server version 1.21
[22:47:56] [Server thread/INFO]: Loading properties
[22:47:56] [Server thread/INFO]: Default game type: SURVIVAL
[22:47:56] [Server thread/INFO]: Generating keypair
[22:47:56] [Server thread/INFO]: Starting Minecraft server on *:25565
[22:47:56] [Server thread/INFO]: Using epoll channel type
[22:47:56] [Server thread/WARN]: **** SERVER IS RUNNING IN OFFLINE/INSECURE MODE!
[22:47:56] [Server thread/WARN]: The server will make no attempt to authenticate usernames. Beware.
[22:47:56] [Server thread/WARN]: While this makes the game possible to play without internet access, it also opens up the ability for hackers to connect with any username they choose.
[22:47:56] [Server thread/WARN]: To change this, set "online-mode" to "true" in the server.properties file.
[22:47:56] [Server thread/INFO]: Preparing level "world"
[22:48:05] [Server thread/INFO]: Preparing start region for dimension minecraft:overworld
[22:48:05] [Worker-Main-1/INFO]: Preparing spawn area: 0%
[22:48:05] [Worker-Main-1/INFO]: Preparing spawn area: 0%
[22:48:06] [Server thread/INFO]: Time elapsed: 1011 ms
[22:48:06] [Server thread/INFO]: Done (9.572s)! For help, type "help"
[22:48:11] [Server thread/INFO]: rafa_123__xd[/100.126.205.66:49302] logged in with entity id 11 at (249.5168915546637, 77.5625, 258.5482569942737)
[22:48:11] [Server thread/INFO]: rafa_123__xd joined the game
[22:48:18] [Server thread/INFO]: Norsx_[/100.84.44.112:52535] logged in with entity id 356 at (244.99930387419076, 77.0, 265.27326875055275)
[22:48:18] [Server thread/INFO]: Norsx_ joined the game
[22:48:19] [Server thread/WARN]: Can't keep up! Is the server overloaded? Running 2009ms or 40 ticks behind
[22:48:47] [Server thread/INFO]: rafa_123__xd was slain by Iron Golem
[22:49:41] [Server thread/INFO]: rafa_123__xd has made the advancement [Suit Up]
[22:50:37] [Server thread/INFO]: rafa_123__xd was slain by Iron Golem
[22:51:17] [Server thread/INFO]: Norsx_ has made the advancement [Ol' Betsy]
[22:52:57] [Server thread/INFO]: rafa_123__xd was slain by Iron Golem
[22:53:01] [Server thread/INFO]: rafa_123__xd lost connection: Disconnected
[22:53:01] [Server thread/INFO]: rafa_123__xd left the game
[22:53:09] [Server thread/INFO]: rafa_123__xd[/100.126.205.66:49327] logged in with entity id 6256 at (250.53953390971253, 78.0, 258.30000001192093)
[22:53:09] [Server thread/INFO]: rafa_123__xd joined the game
[22:57:10] [Server thread/INFO]: [Not Secure] <rafa_123__xd> zzzzzzzzzzzzzzzzzzzzzzzzzzzzzzzzzzzzzzzzzzzzzzzzzzzzzzzzzzzzzzzzzzzzzzzzzzzzzzzzzzzzzzzzzzzzzzzzzzzzzzzzzzzzzzzzzzzzzzzzzzzzzzzzzzzzzzzzzzzzzzzzzzzzzzzzzzzzzzzzzzzzzzzzzzzzzzzzzzzzzzzzzzzzzzzzzzzzzzzzzzzzzzzzzzzzzzzzzzzzzzzzzzzzzzzzzzzzzzzzzzzzzzzzzzzzzzzz
[22:58:00] [Server thread/INFO]: Norsx_ has made the advancement [Suit Up]
[22:58:38] [Server thread/INFO]: rafa_123__xd has made the advancement [Cover Me with Diamonds]
[22:58:46] [Server thread/INFO]: Norsx_ has made the advancement [Cover Me with Diamonds]
[23:08:46] [Server thread/INFO]: rafa_123__xd was slain by Iron Golem
[23:09:24] [Server thread/INFO]: Norsx_ has made the advancement [Ice Bucket Challenge]
[23:09:25] [Server thread/INFO]: Norsx_ has made the advancement [Who is Cutting Onions?]
[23:09:36] [Server thread/INFO]: rafa_123__xd has made the advancement [Who is Cutting Onions?]
[23:09:46] [Server thread/INFO]: rafa_123__xd has made the advancement [Ice Bucket Challenge]
[23:11:43] [Server thread/WARN]: Can't keep up! Is the server overloaded? Running 3802ms or 76 ticks behind
[23:12:00] [Server thread/INFO]: rafa_123__xd has made the advancement [We Need to Go Deeper]
[23:12:01] [Server thread/INFO]: Norsx_ has made the advancement [We Need to Go Deeper]
[23:13:55] [Server thread/INFO]: Norsx_ was doomed to fall by rafa_123__xd
[23:14:39] [Server thread/INFO]: rafa_123__xd has made the advancement [Not Today, Thank You]
[23:15:00] [Server thread/INFO]: Norsx_ fell from a high place
[23:15:07] [Server thread/INFO]: rafa_123__xd has made the advancement [Isn't It Iron Pick]
[23:15:08] [Server thread/INFO]: rafa_123__xd was slain by Piglin
[23:15:33] [Server thread/INFO]: rafa_123__xd was slain by Piglin
[23:15:36] [Server thread/INFO]: Norsx_ was slain by Piglin
[23:15:48] [Server thread/INFO]: rafa_123__xd was slain by Norsx_
[23:17:32] [Server thread/INFO]: Norsx_ fell from a high place
[23:17:54] [Server thread/INFO]: Norsx_ fell from a high place
[23:21:54] [Server thread/INFO]: rafa_123__xd has made the advancement [Oh Shiny]
[23:23:39] [Server thread/INFO]: rafa_123__xd was slain by Piglin
[23:23:44] [Server thread/INFO]: [rafa_123__xd: Teleported rafa_123__xd to Norsx_]
[23:25:02] [Server thread/INFO]: Norsx_ lost connection: Disconnected
[23:25:02] [Server thread/INFO]: Norsx_ left the game
[23:26:05] [Server thread/INFO]: Norsx_[/100.84.44.112:52828] logged in with entity id 30915 at (-30.717569941138702, 29.894444825632387, -137.57105369560924)
[23:26:05] [Server thread/INFO]: Norsx_ joined the game
[23:26:05] [Server thread/INFO]: [rafa_123__xd: Teleported Norsx_ to rafa_123__xd]
[23:26:12] [Server thread/INFO]: Norsx_ burned to death
[23:26:15] [Server thread/INFO]: [rafa_123__xd: Teleported Norsx_ to rafa_123__xd]
[23:26:23] [Server thread/INFO]: [rafa_123__xd: Teleported rafa_123__xd to Norsx_]
[23:26:49] [Server thread/INFO]: [rafa_123__xd: Teleported rafa_123__xd to Norsx_]
[23:26:49] [Server thread/INFO]: rafa_123__xd fell from a high place
[23:26:54] [Server thread/INFO]: [rafa_123__xd: Teleported rafa_123__xd to Norsx_]
[23:26:56] [Server thread/INFO]: rafa_123__xd tried to swim in lava
[23:27:07] [Server thread/INFO]: [rafa_123__xd: Teleported rafa_123__xd to Norsx_]
[23:28:10] [Server thread/INFO]: [rafa_123__xd: Teleported rafa_123__xd to Norsx_]
[23:28:26] [Server thread/INFO]: [rafa_123__xd: Teleported rafa_123__xd to Norsx_]
[23:28:58] [Server thread/INFO]: [rafa_123__xd: Teleported rafa_123__xd to Norsx_]
[23:29:01] [Server thread/INFO]: [rafa_123__xd: Teleported Norsx_ to rafa_123__xd]
[23:29:03] [Server thread/INFO]: [rafa_123__xd: Teleported Norsx_ to rafa_123__xd]
[23:29:09] [Server thread/INFO]: rafa_123__xd burned to death
[23:29:13] [Server thread/INFO]: [rafa_123__xd: Teleported rafa_123__xd to Norsx_]
[23:29:51] [Server thread/INFO]: [rafa_123__xd: Teleported rafa_123__xd to Norsx_]
[23:30:00] [Server thread/INFO]: [rafa_123__xd: Teleported rafa_123__xd to Norsx_]
[23:30:08] [Server thread/INFO]: [rafa_123__xd: Teleported rafa_123__xd to Norsx_]
[23:30:10] [Server thread/INFO]: [rafa_123__xd: Teleported rafa_123__xd to Norsx_]
[23:30:10] [Server thread/INFO]: rafa_123__xd fell from a high place
[23:30:14] [Server thread/INFO]: [rafa_123__xd: Teleported rafa_123__xd to Norsx_]
[23:30:27] [Server thread/INFO]: [rafa_123__xd: Teleported rafa_123__xd to Norsx_]
[23:30:29] [Server thread/INFO]: [rafa_123__xd: Teleported rafa_123__xd to Norsx_]
[23:30:46] [Server thread/INFO]: [rafa_123__xd: Teleported rafa_123__xd to Norsx_]
[23:30:53] [Server thread/INFO]: rafa_123__xd was slain by Norsx_
[23:30:57] [Server thread/INFO]: [rafa_123__xd: Teleported Norsx_ to rafa_123__xd]
[23:31:16] [Server thread/INFO]: rafa_123__xd was slain by Norsx_
[23:31:19] [Server thread/INFO]: rafa_123__xd lost connection: Disconnected
[23:31:19] [Server thread/INFO]: rafa_123__xd left the game
[23:32:07] [Server thread/INFO]: Stopping the server
[23:32:07] [Server thread/INFO]: Stopping server
[23:32:07] [Server thread/INFO]: Saving players
[23:32:07] [Server thread/INFO]: Norsx_ lost connection: Server closed
[23:32:07] [Server thread/INFO]: Norsx_ left the game
[23:32:07] [Server thread/INFO]: Saving worlds
[23:32:07] [Server thread/INFO]: Saving chunks for level 'ServerLevel[world]'/minecraft:overworld
[23:32:07] [Server thread/INFO]: Saving chunks for level 'ServerLevel[world]'/minecraft:the_end
[23:32:07] [Server thread/INFO]: Saving chunks for level 'ServerLevel[world]'/minecraft:the_nether
[23:32:07] [Server thread/INFO]: ThreadedAnvilChunkStorage (world): All chunks are saved
[23:32:07] [Server thread/INFO]: ThreadedAnvilChunkStorage (DIM1): All chunks are saved
[23:32:07] [Server thread/INFO]: ThreadedAnvilChunkStorage (DIM-1): All chunks are saved
[23:32:07] [Server thread/INFO]: ThreadedAnvilChunkStorage: All dimensions are saved
